<?xml version="1.0" encoding="UTF-8"?>
<testng-results ignored="0" total="2" passed="2" failed="0" skipped="0">
  <reporter-output>
  </reporter-output>
  <suite started-at="2024-01-26T09:56:38 IST" name="Surefire suite" finished-at="2024-01-26T09:57:11 IST" duration-ms="33060">
    <groups>
      <group name="cucumber">
        <method signature="AbstractTestNGCucumberTests.runScenario(io.cucumber.testng.PickleWrapper,io.cucumber.testng.FeatureWrapper)[pri:0, instance:cucumberOptions.TestNGRunner@3aefe5e5]" name="runScenario" class="io.cucumber.testng.AbstractTestNGCucumberTests"/>
      </group> <!-- cucumber -->
    </groups>
    <test started-at="2024-01-26T09:56:38 IST" name="Surefire test" finished-at="2024-01-26T09:57:11 IST" duration-ms="33060">
      <class name="cucumberOptions.TestNGRunner">
        <test-method is-config="true" signature="setUpClass(org.testng.ITestContext)[pri:0, instance:cucumberOptions.TestNGRunner@3aefe5e5]" started-at="2024-01-26T09:56:38 IST" name="setUpClass" finished-at="2024-01-26T09:56:39 IST" duration-ms="1740" status="PASS">
          <params>
            <param index="0">
              <value>
                <![CDATA[org.testng.TestRunner@23e44287]]>
              </value>
            </param>
          </params>
          <reporter-output>
          </reporter-output>
        </test-method> <!-- setUpClass -->
        <test-method signature="runScenario(io.cucumber.testng.PickleWrapper,io.cucumber.testng.FeatureWrapper)[pri:0, instance:cucumberOptions.TestNGRunner@3aefe5e5]" started-at="2024-01-26T09:56:40 IST" name="runScenario" description="Runs Cucumber Scenarios" data-provider="scenarios" finished-at="2024-01-26T09:57:09 IST" duration-ms="29020" status="PASS">
          <params>
            <param index="0">
              <value>
                <![CDATA["User selecting an item and adding them in cart"]]>
              </value>
            </param>
            <param index="1">
              <value>
                <![CDATA["User Adding items in cart"]]>
              </value>
            </param>
          </params>
          <reporter-output>
          </reporter-output>
        </test-method> <!-- runScenario -->
        <test-method signature="runScenario(io.cucumber.testng.PickleWrapper,io.cucumber.testng.FeatureWrapper)[pri:0, instance:cucumberOptions.TestNGRunner@3aefe5e5]" started-at="2024-01-26T09:56:40 IST" name="runScenario" description="Runs Cucumber Scenarios" data-provider="scenarios" finished-at="2024-01-26T09:57:09 IST" duration-ms="29001" status="PASS">
          <params>
            <param index="0">
              <value>
                <![CDATA["User selecting an item and adding them in cart"]]>
              </value>
            </param>
            <param index="1">
              <value>
                <![CDATA["User Adding items in cart"]]>
              </value>
            </param>
          </params>
          <reporter-output>
          </reporter-output>
        </test-method> <!-- runScenario -->
        <test-method is-config="true" signature="tearDownClass()[pri:0, instance:cucumberOptions.TestNGRunner@3aefe5e5]" started-at="2024-01-26T09:57:09 IST" name="tearDownClass" finished-at="2024-01-26T09:57:11 IST" duration-ms="2207" status="PASS">
          <reporter-output>
          </reporter-output>
        </test-method> <!-- tearDownClass -->
      </class> <!-- cucumberOptions.TestNGRunner -->
    </test> <!-- Surefire test -->
  </suite> <!-- Surefire suite -->
</testng-results>
